<?xml version="1.0" encoding="UTF-8"?>
<!-- Generated by org.testng.reporters.JUnitReportReporter -->
<testsuite hostname="Brij-HP" name="demJenks.DemoJenk" tests="1" failures="0" timestamp="23 Feb 2018 21:33:32 GMT" time="10.341" errors="0">
  <testcase name="demoTest" time="10.341" classname="demJenks.DemoJenk"/>
</testsuite> <!-- demJenks.DemoJenk -->
